****************************************
Report : Averaged Power
	-hierarchy
Design : thumb
Version: V-2023.12
Date   : Mon Nov 11 01:55:07 2024
****************************************



                                      Int      Switch   Leak     Total
Hierarchy                             Power    Power    Power    Power    %
----------------------------------------------------------------------------------
thumb                                 2.35e-03 1.91e-04 2.98e-06 2.54e-03 100.0
  step1 (IF)                          1.97e-04 8.71e-06 9.14e-08 2.06e-04   8.1
    r363 (IF_DW01_add_0_DW01_add_15)  7.87e-07 3.64e-07 1.88e-08 1.17e-06   0.0
  step2 (ID)                          3.69e-04 5.36e-05 2.59e-07 4.23e-04  16.7
  step3 (EX)                          6.22e-04 9.52e-05 2.16e-06 7.20e-04  28.3
    add_1_root_add_678_2 (EX_DW01_add_16)
                                      2.58e-08 1.29e-08 1.89e-08 5.76e-08   0.0
    add_679 (EX_DW01_add_6)           1.98e-07 4.13e-08 1.88e-08 2.59e-07   0.0
    add_680 (EX_DW01_add_5)           4.22e-07 8.20e-08 1.78e-08 5.22e-07   0.0
    add_748 (EX_DW01_add_2)           5.09e-07 9.82e-08 1.05e-08 6.18e-07   0.0
    add_751 (EX_DW01_add_1)           4.64e-07 2.72e-07 1.78e-08 7.54e-07   0.0
    sub_785 (EX_DW01_sub_12)          6.97e-08 3.12e-08 4.11e-08 1.42e-07   0.0
    sub_795 (EX_DW01_sub_3)           3.28e-08 2.24e-08 2.59e-08 8.12e-08   0.0
    add_790 (EX_DW01_add_0)           1.22e-08 5.43e-09 1.82e-08 3.58e-08   0.0
    add_739_2 (EX_DW01_add_3)         1.13e-06 3.06e-07 1.65e-08 1.45e-06   0.1
    sub_817 (EX_DW01_sub_2)           4.85e-06 2.00e-06 2.36e-08 6.87e-06   0.3
    sub_820 (EX_DW01_sub_1)           4.30e-06 1.93e-06 2.16e-08 6.25e-06   0.2
    sub_823 (EX_DW01_sub_0)           4.55e-06 1.79e-06 2.58e-08 6.36e-06   0.3
    sub_1_root_sub_0_root_sub_809_2 (EX_DW01_sub_15)
                                      2.41e-08 1.55e-08 3.22e-08 7.17e-08   0.0
    mult_783 (EX_DW_mult_uns_1)       5.73e-08 9.07e-08 3.25e-07 4.73e-07   0.0
    sub_0_root_sub_0_root_sub_809_2 (EX_DW01_sub_16)
                                      5.61e-08 3.02e-08 2.46e-08 1.11e-07   0.0
    r919 (EX_DW01_add_15)             1.22e-08 1.06e-08 2.08e-08 4.36e-08   0.0
    r920 (EX_DW01_add_13)             6.06e-07 1.24e-07 1.65e-08 7.47e-07   0.0
    r921 (EX_DW01_add_12)             4.42e-07 2.54e-07 1.75e-08 7.14e-07   0.0
    r985 (EX_DW01_add_11)             2.16e-07 4.37e-07 1.87e-08 6.72e-07   0.0
    r990 (EX_DW01_sub_13)             4.17e-06 2.69e-06 1.74e-08 6.87e-06   0.3
    r991 (EX_DW01_sub_11)             6.02e-08 3.26e-08 2.16e-08 1.14e-07   0.0
    r992 (EX_DW01_add_10)             3.34e-07 6.78e-08 1.68e-08 4.18e-07   0.0
    r993 (EX_DW01_add_9)              3.38e-07 1.28e-07 1.81e-08 4.83e-07   0.0
    r994 (EX_DW01_add_8)              3.38e-07 1.41e-07 1.75e-08 4.97e-07   0.0
    add_0_root_add_730_2 (EX_DW01_add_4)
                                      1.58e-06 4.11e-07 1.71e-08 2.00e-06   0.1
  step4 (WB)                          1.16e-03 3.01e-05 4.57e-07 1.19e-03  46.7
1
