****************************************
Report : Averaged Power
	-hierarchy
Design : thumb
Version: V-2023.12
Date   : Mon Nov 11 01:54:31 2024
****************************************



                                      Int      Switch   Leak     Total
Hierarchy                             Power    Power    Power    Power    %
----------------------------------------------------------------------------------
thumb                                 3.03e-05 9.01e-06 4.19e-06 4.35e-05 100.0
  step1 (IF)                          2.22e-06 3.01e-07 1.05e-07 2.63e-06   6.0
    r363 (IF_DW01_add_1)              1.63e-08 1.38e-08 1.69e-08 4.70e-08   0.1
  step2 (ID)                          5.15e-06 2.62e-06 2.80e-07 8.06e-06  18.5
  step3 (EX)                          1.12e-05 5.78e-06 3.30e-06 2.03e-05  46.6
    add_1_root_add_678_2 (EX_DW01_add_32)
                                      1.43e-08 1.14e-08 2.87e-08 5.45e-08   0.1
    add_679 (EX_DW01_add_33)          2.95e-08 2.13e-08 1.94e-08 7.02e-08   0.2
    add_680 (EX_DW01_add_31)          5.50e-08 4.85e-08 2.07e-08 1.24e-07   0.3
    add_748 (EX_DW01_add_40)          6.12e-08 3.07e-08 1.86e-08 1.10e-07   0.3
    add_751 (EX_DW01_add_21)          4.31e-08 4.28e-08 2.60e-08 1.12e-07   0.3
    sub_785 (EX_DW01_sub_12)          3.49e-09 2.89e-09 2.03e-08 2.66e-08   0.1
    sub_795 (EX_DW01_sub_15)             0.000    0.000 2.08e-08 2.08e-08   0.0
    add_790 (EX_DW01_add_28)             0.000    0.000 2.07e-08 2.07e-08   0.0
    add_739_2 (EX_DW01_add_42)        2.15e-07 1.55e-07 4.24e-08 4.12e-07   0.9
    sub_817 (EX_DW01_sub_14)          6.99e-08 5.65e-08 2.09e-08 1.47e-07   0.3
    sub_820 (EX_DW01_sub_16)          1.03e-07 7.60e-08 2.40e-08 2.03e-07   0.5
    sub_823 (EX_DW01_sub_17)          2.34e-08 1.47e-08 2.24e-08 6.05e-08   0.1
    sub_1_root_sub_0_root_sub_809_2 (EX_DW01_sub_18)
                                      1.27e-08 1.10e-08 2.14e-08 4.51e-08   0.1
    mult_783 (EX_DW_mult_uns_6)       6.47e-07 4.34e-07 8.98e-07 1.98e-06   4.6
    sub_0_root_sub_0_root_sub_809_2 (EX_DW01_sub_19)
                                      2.88e-08 2.19e-08 4.91e-08 9.98e-08   0.2
    r919 (EX_DW01_add_30)             2.21e-08 2.80e-08 2.88e-08 7.89e-08   0.2
    r920 (EX_DW01_add_24)             6.91e-08 5.77e-08 2.20e-08 1.49e-07   0.3
    r921 (EX_DW01_add_36)             3.47e-08 3.49e-08 2.17e-08 9.12e-08   0.2
    r985 (EX_DW01_add_41)             1.53e-08 2.65e-08 2.20e-08 6.37e-08   0.1
    r990 (EX_DW01_sub_13)             1.35e-07 1.29e-07 2.50e-08 2.89e-07   0.7
    r991 (EX_DW01_sub_21)             2.99e-08 2.45e-08 4.75e-08 1.02e-07   0.2
    r992 (EX_DW01_add_37)             4.34e-08 3.56e-08 1.94e-08 9.84e-08   0.2
    r993 (EX_DW01_add_34)             4.68e-08 4.88e-08 2.21e-08 1.18e-07   0.3
    r994 (EX_DW01_add_35)             4.40e-08 4.53e-08 2.17e-08 1.11e-07   0.3
    add_0_root_add_730_2 (EX_DW01_add_43)
                                      2.72e-07 1.80e-07 3.58e-08 4.88e-07   1.1
  step4 (WB)                          1.17e-05 2.87e-07 4.93e-07 1.25e-05  28.7
1
