****************************************
Report : Averaged Power
	-hierarchy
Design : thumb
Version: V-2023.12
Date   : Mon Nov 11 01:51:36 2024
****************************************



                                      Int      Switch   Leak     Total
Hierarchy                             Power    Power    Power    Power    %
----------------------------------------------------------------------------------
thumb                                 1.51e-03 1.23e-04 2.81e-06 1.64e-03 100.0
  step1 (IF)                          1.27e-04 5.62e-06 9.14e-08 1.33e-04   8.1
    r363 (IF_DW01_add_0_DW01_add_15)  5.08e-07 2.35e-07 1.88e-08 7.61e-07   0.0
  step2 (ID)                          2.38e-04 3.58e-05 2.55e-07 2.74e-04  16.7
  step3 (EX)                          4.03e-04 6.09e-05 2.00e-06 4.65e-04  28.4
    add_1_root_add_678_2 (EX_DW01_add_7)
                                      1.43e-08 3.26e-09 1.64e-08 3.40e-08   0.0
    add_679 (EX_DW01_add_6)           1.30e-07 2.66e-08 1.99e-08 1.76e-07   0.0
    add_680 (EX_DW01_add_5)           2.74e-07 5.29e-08 1.94e-08 3.46e-07   0.0
    add_748 (EX_DW01_add_2)           3.28e-07 6.34e-08 1.11e-08 4.02e-07   0.0
    add_751 (EX_DW01_add_1)           2.99e-07 1.76e-07 1.84e-08 4.93e-07   0.0
    sub_785 (EX_DW01_sub_4)           3.60e-08 1.72e-08 3.08e-08 8.40e-08   0.0
    sub_795 (EX_DW01_sub_3)           2.12e-08 1.44e-08 2.59e-08 6.15e-08   0.0
    add_790 (EX_DW01_add_0)           7.87e-09 3.51e-09 1.82e-08 2.96e-08   0.0
    add_739_2 (EX_DW01_add_3)         7.31e-07 1.98e-07 1.69e-08 9.46e-07   0.1
    sub_817 (EX_DW01_sub_2)           3.13e-06 1.28e-06 2.42e-08 4.44e-06   0.3
    sub_820 (EX_DW01_sub_1)           2.78e-06 1.24e-06 2.17e-08 4.04e-06   0.2
    sub_823 (EX_DW01_sub_0)           2.94e-06 1.15e-06 2.58e-08 4.12e-06   0.3
    sub_1_root_sub_0_root_sub_809_2 (EX_DW01_sub_8)
                                      1.13e-08 1.02e-08 2.05e-08 4.20e-08   0.0
    mult_783 (EX_DW_mult_uns_0)       9.60e-08 8.32e-08 1.49e-07 3.29e-07   0.0
    sub_0_root_sub_0_root_sub_809_2 (EX_DW01_sub_7)
                                      3.59e-08 1.44e-08 1.73e-08 6.77e-08   0.0
    r919 (EX_DW01_add_14)             6.62e-09 5.71e-09 1.65e-08 2.89e-08   0.0
    r920 (EX_DW01_add_13)             3.97e-07 8.06e-08 1.81e-08 4.96e-07   0.0
    r921 (EX_DW01_add_12)             2.85e-07 1.64e-07 1.81e-08 4.67e-07   0.0
    r985 (EX_DW01_add_11)             1.40e-07 2.90e-07 1.87e-08 4.49e-07   0.0
    r990 (EX_DW01_sub_6)              2.99e-06 1.36e-06 2.34e-08 4.38e-06   0.3
    r991 (EX_DW01_sub_5)              3.94e-08 1.85e-08 1.70e-08 7.50e-08   0.0
    r992 (EX_DW01_add_10)             2.19e-07 4.37e-08 1.85e-08 2.81e-07   0.0
    r993 (EX_DW01_add_9)              2.21e-07 8.24e-08 1.97e-08 3.23e-07   0.0
    r994 (EX_DW01_add_8)              2.21e-07 9.12e-08 1.91e-08 3.31e-07   0.0
    add_0_root_add_730_2 (EX_DW01_add_4)
                                      1.01e-06 2.52e-07 1.70e-08 1.28e-06   0.1
  step4 (WB)                          7.46e-04 1.94e-05 4.57e-07 7.66e-04  46.7
1
