****************************************
Report : Averaged Power
	-hierarchy
Design : hw2_cg
Version: V-2023.12
Date   : Fri Oct 18 14:03:01 2024
****************************************



                                      Int      Switch   Leak     Total
Hierarchy                             Power    Power    Power    Power    %
----------------------------------------------------------------------------------
hw2_cg                                2.46e-05 9.43e-06 3.07e-07 3.44e-05 100.0
  cg0 (clock_gate16_2)                2.57e-06 2.61e-07 1.43e-08 2.84e-06   8.3
  cg1 (clock_gate16_1)                1.97e-06 3.37e-07 1.30e-08 2.32e-06   6.8
  cg2 (clock_gate16_0)                3.59e-06 5.74e-08 1.22e-08 3.65e-06  10.6
  clk_gate_C68 (SNPS_CLOCK_GATE_HIGH_hw2_cg)
                                      1.66e-07 4.42e-07 7.42e-12 6.08e-07   1.8
  uut1 (stage1_cg)                    2.55e-06 1.24e-06 1.34e-08 3.80e-06  11.1
    sub_30 (stage1_cg_DW01_sub_0)     1.01e-06 5.77e-07 5.44e-09 1.59e-06   4.6
    add_30 (stage1_cg_DW01_add_0)     9.00e-07 3.28e-07 4.56e-09 1.23e-06   3.6
  uut2 (stage2_cg)                    8.87e-06 6.56e-06 2.32e-07 1.57e-05  45.6
    mult_37 (stage2_cg_DW_mult_uns_2) 8.87e-06 6.56e-06 2.32e-07 1.57e-05  45.6
1
